<?xml version="1.0" encoding="UTF-8"?>
<testsuite name="ResistorColorTest" tests="4" skipped="0" failures="0" errors="0" timestamp="2020-09-10T19:39:01" hostname="LAPTOP-NPA1B893" time="0.03">
  <properties/>
  <testcase name="testWhiteColorCode" classname="ResistorColorTest" time="0.029"/>
  <testcase name="testColors" classname="ResistorColorTest" time="0.0"/>
  <testcase name="testBlackColorCode" classname="ResistorColorTest" time="0.0"/>
  <testcase name="testOrangeColorCode" classname="ResistorColorTest" time="0.0"/>
  <system-out><![CDATA[]]></system-out>
  <system-err><![CDATA[]]></system-err>
</testsuite>
